<?xml version="1.0" encoding="UTF-8"?>
<!-- $Id: test-web.xml 5 2009-10-16 15:20:39Z dacracot $ -->
<web-app>
	<!-- ========================================================== -->
	<display-name>testing application for tox</display-name>
	<!-- ========================================================== -->
	<!-- tag libraries -->
	<taglib>
		<taglib-uri>/WEB-INF/tox.tld</taglib-uri>
		<taglib-location>/WEB-INF/tox.tld</taglib-location>
	</taglib>
	<!-- ========================================================== -->
</web-app>
